d:\уник\2 сем\кпо\lab01\lab01\lab01\x64\debug\vc143.pdb
d:\уник\2 сем\кпо\lab01\lab01\lab01\x64\debug\vc143.idb
d:\уник\2 сем\кпо\lab01\lab01\lab01\x64\debug\qq5.obj
d:\уник\2 сем\кпо\lab01\lab01\lab01\x64\debug\qq4.obj
d:\уник\2 сем\кпо\lab01\lab01\lab01\x64\debug\qq2.obj
d:\уник\2 сем\кпо\lab01\lab01\lab01\x64\debug\qq3.obj
d:\уник\2 сем\кпо\lab01\lab01\lab01\x64\debug\qq.obj
d:\уник\2 сем\кпо\lab01\lab01\lab01\x64\debug\lab01.ilk
d:\уник\2 сем\кпо\lab01\lab01\x64\debug\lab01.exe
d:\уник\2 сем\кпо\lab01\lab01\x64\debug\lab01.pdb
d:\уник\2 сем\кпо\lab01\lab01\lab01\x64\debug\lab01.obj
d:\уник\2 сем\кпо\lab01\lab01\lab01\x64\debug\qq6.obj
d:\уник\2 сем\кпо\lab01\lab01\lab01\x64\debug\lab01.pch
d:\уник\2 сем\кпо\lab01\lab01\lab01\x64\debug\lab01.tlog\cl.command.1.tlog
d:\уник\2 сем\кпо\lab01\lab01\lab01\x64\debug\lab01.tlog\cl.items.tlog
d:\уник\2 сем\кпо\lab01\lab01\lab01\x64\debug\lab01.tlog\cl.read.1.tlog
d:\уник\2 сем\кпо\lab01\lab01\lab01\x64\debug\lab01.tlog\cl.write.1.tlog
d:\уник\2 сем\кпо\lab01\lab01\lab01\x64\debug\lab01.tlog\link.command.1.tlog
d:\уник\2 сем\кпо\lab01\lab01\lab01\x64\debug\lab01.tlog\link.read.1.tlog
d:\уник\2 сем\кпо\lab01\lab01\lab01\x64\debug\lab01.tlog\link.write.1.tlog
