Сборка начата 26.03.2024 16:37:20.
Уровень детализации журнала: Normal.     1>Проект "D:\уник\2 сем\КПО\lab04 гс\SE_Lab04\SE_Lab04\SE_Lab04.vcxproj" в узле 2 (целевые объекты Build).
     1>InitializeBuildStatus:
         Создание "x64\Debug\SE_Lab04.tlog\unsuccessfulbuild", так как было задано "AlwaysCreate".
         Обращение к "x64\Debug\SE_Lab04.tlog\unsuccessfulbuild".
       ClCompile:
         C:\Program Files\Microsoft Visual Studio\2022\Preview\VC\Tools\MSVC\14.38.32919\bin\HostX64\x64\CL.exe /c /ZI /JMC /nologo /W3 /WX- /diagnostics:column /sdl /Od /D _DEBUG /D _CONSOLE /D _UNICODE /D UNICODE /Gm- /EHsc /RTC1 /MDd /GS /fp:precise /Zc:wchar_t /Zc:forScope /Zc:inline /permissive- /Fo"x64\Debug\\" /Fd"x64\Debug\vc143.pdb" /external:W3 /Gd /TP /FC /errorReport:prompt SE_Lab04.cpp
         SE_Lab04.cpp
     1>D:\уник\2 сем\КПО\lab04 гс\SE_Lab04\SE_Lab04\SE_Lab04.cpp(59,1): warning C4326: возвращаемый тип "main" должен быть "int", а не "void"
       Link:
         C:\Program Files\Microsoft Visual Studio\2022\Preview\VC\Tools\MSVC\14.38.32919\bin\HostX64\x64\link.exe /ERRORREPORT:PROMPT /OUT:"D:\уник\2 сем\КПО\lab04 гс\SE_Lab04\x64\Debug\SE_Lab04.exe" /INCREMENTAL /ILK:"x64\Debug\SE_Lab04.ilk" /NOLOGO kernel32.lib user32.lib gdi32.lib winspool.lib comdlg32.lib advapi32.lib shell32.lib ole32.lib oleaut32.lib uuid.lib odbc32.lib odbccp32.lib /MANIFEST /MANIFESTUAC:"level='asInvoker' uiAccess='false'" /manifest:embed /DEBUG /PDB:"D:\уник\2 сем\КПО\lab04 гс\SE_Lab04\x64\Debug\SE_Lab04.pdb" /SUBSYSTEM:CONSOLE /TLBID:1 /DYNAMICBASE /NXCOMPAT /IMPLIB:"D:\уник\2 сем\КПО\lab04 гс\SE_Lab04\x64\Debug\SE_Lab04.lib" /MACHINE:X64 x64\Debug\SE_Lab04.obj
         SE_Lab04.vcxproj -> D:\уник\2 сем\КПО\lab04 гс\SE_Lab04\x64\Debug\SE_Lab04.exe
       FinalizeBuildStatus:
         Файл "x64\Debug\SE_Lab04.tlog\unsuccessfulbuild" удаляется.
         Обращение к "x64\Debug\SE_Lab04.tlog\SE_Lab04.lastbuildstate".
     1>Сборка проекта "D:\уник\2 сем\КПО\lab04 гс\SE_Lab04\SE_Lab04\SE_Lab04.vcxproj" завершена (целевые объекты Build).

Сборка успешно завершена.

       "D:\уник\2 сем\КПО\lab04 гс\SE_Lab04\SE_Lab04\SE_Lab04.vcxproj" (целевой объект Build ) (1) ->
       (Целевой объект ClCompile) -> 
         D:\уник\2 сем\КПО\lab04 гс\SE_Lab04\SE_Lab04\SE_Lab04.cpp(59,1): warning C4326: возвращаемый тип "main" должен быть "int", а не "void"

    Предупреждений: 1
    Ошибок: 0

Прошло времени 00:00:00.97
