Сборка начата 11.09.2024 20:53:41.
Уровень детализации журнала: Normal.     1>Проект "D:\уник\2 сем\КПО complete\lab14 гс\SE_lab14\SE_lab14\SE_lab14.vcxproj" в узле 2 (целевые объекты Build).
     1>InitializeBuildStatus:
         Обращение к "x64\Debug\SE_lab14.tlog\unsuccessfulbuild".
       ClCompile:
         Для всех выходных данных обновления не требуется.
       Link:
         C:\Program Files\Microsoft Visual Studio\2022\Preview\VC\Tools\MSVC\14.38.32919\bin\HostX64\x64\link.exe /ERRORREPORT:PROMPT /OUT:"D:\уник\2 сем\КПО complete\lab14 гс\SE_lab14\x64\Debug\SE_lab14.exe" /INCREMENTAL /ILK:"x64\Debug\SE_lab14.ilk" /NOLOGO kernel32.lib user32.lib gdi32.lib winspool.lib comdlg32.lib advapi32.lib shell32.lib ole32.lib oleaut32.lib uuid.lib odbc32.lib odbccp32.lib /MANIFEST /MANIFESTUAC:"level='asInvoker' uiAccess='false'" /manifest:embed /DEBUG /PDB:"D:\уник\2 сем\КПО complete\lab14 гс\SE_lab14\x64\Debug\SE_lab14.pdb" /SUBSYSTEM:CONSOLE /TLBID:1 /DYNAMICBASE /NXCOMPAT /IMPLIB:"D:\уник\2 сем\КПО complete\lab14 гс\SE_lab14\x64\Debug\SE_lab14.lib" /MACHINE:X64 x64\Debug\Error.obj
         x64\Debug\In.obj
         x64\Debug\Log.obj
         x64\Debug\Parm.obj
         x64\Debug\SE_lab14.obj
         SE_lab14.vcxproj -> D:\уник\2 сем\КПО complete\lab14 гс\SE_lab14\x64\Debug\SE_lab14.exe
       FinalizeBuildStatus:
         Файл "x64\Debug\SE_lab14.tlog\unsuccessfulbuild" удаляется.
         Обращение к "x64\Debug\SE_lab14.tlog\SE_lab14.lastbuildstate".
     1>Сборка проекта "D:\уник\2 сем\КПО complete\lab14 гс\SE_lab14\SE_lab14\SE_lab14.vcxproj" завершена (целевые объекты Build).

Сборка успешно завершена.
    Предупреждений: 0
    Ошибок: 0

Прошло времени 00:00:00.40
