Сборка начата 19.02.2024 21:33:30.
Уровень детализации журнала: Normal.     1>Проект "D:\уник\2 сем\КПО\lab01\lab01(kpo1)\lab01(kpo1)\lab01(kpo1).vcxproj" в узле 2 (целевые объекты Build).
     1>InitializeBuildStatus:
         Обращение к "x64\Debug\lab01(kpo1).tlog\unsuccessfulbuild".
       ClCompile:
         C:\Program Files\Microsoft Visual Studio\2022\Preview\VC\Tools\MSVC\14.38.32919\bin\HostX64\x64\CL.exe /c /ZI /JMC /nologo /W3 /WX- /diagnostics:column /sdl /Od /D _DEBUG /D _CONSOLE /D _UNICODE /D UNICODE /Gm- /EHsc /RTC1 /MDd /GS /fp:precise /Zc:wchar_t /Zc:forScope /Zc:inline /permissive- /FAcs /Fa"(/Fa)" /Fo"x64\Debug\\" /Fd"x64\Debug\vc143.pdb" /external:W3 /Gd /TP /FC /errorReport:prompt "lab01(kpo1).cpp"
         lab01(kpo1).cpp
     1>D:\уник\2 сем\КПО\lab01\lab01(kpo1)\lab01(kpo1)\lab01(kpo1).cpp(114,14): warning C4805: ==: небезопасное смешение типа "int" и типа "bool" в операции
     1>D:\уник\2 сем\КПО\lab01\lab01(kpo1)\lab01(kpo1)\lab01(kpo1).cpp(126,1): warning C4326: возвращаемый тип "main" должен быть "int", а не "void"
       Link:
         C:\Program Files\Microsoft Visual Studio\2022\Preview\VC\Tools\MSVC\14.38.32919\bin\HostX64\x64\link.exe /ERRORREPORT:PROMPT /OUT:"D:\уник\2 сем\КПО\lab01\lab01(kpo1)\x64\Debug\lab01(kpo1).exe" /INCREMENTAL /ILK:"x64\Debug\lab01(kpo1).ilk" /NOLOGO kernel32.lib user32.lib gdi32.lib winspool.lib comdlg32.lib advapi32.lib shell32.lib ole32.lib oleaut32.lib uuid.lib odbc32.lib odbccp32.lib /MANIFEST /MANIFESTUAC:"level='asInvoker' uiAccess='false'" /manifest:embed /DEBUG /PDB:"D:\уник\2 сем\КПО\lab01\lab01(kpo1)\x64\Debug\lab01(kpo1).pdb" /SUBSYSTEM:CONSOLE /TLBID:1 /DYNAMICBASE /NXCOMPAT /IMPLIB:"D:\уник\2 сем\КПО\lab01\lab01(kpo1)\x64\Debug\lab01(kpo1).lib" /MACHINE:X64 "x64\Debug\lab01(kpo1).obj"
         lab01(kpo1).vcxproj -> D:\уник\2 сем\КПО\lab01\lab01(kpo1)\x64\Debug\lab01(kpo1).exe
       FinalizeBuildStatus:
         Файл "x64\Debug\lab01(kpo1).tlog\unsuccessfulbuild" удаляется.
         Обращение к "x64\Debug\lab01(kpo1).tlog\lab01(kpo1).lastbuildstate".
     1>Сборка проекта "D:\уник\2 сем\КПО\lab01\lab01(kpo1)\lab01(kpo1)\lab01(kpo1).vcxproj" завершена (целевые объекты Build).

Сборка успешно завершена.

       "D:\уник\2 сем\КПО\lab01\lab01(kpo1)\lab01(kpo1)\lab01(kpo1).vcxproj" (целевой объект Build ) (1) ->
       (Целевой объект ClCompile) -> 
         D:\уник\2 сем\КПО\lab01\lab01(kpo1)\lab01(kpo1)\lab01(kpo1).cpp(114,14): warning C4805: ==: небезопасное смешение типа "int" и типа "bool" в операции
         D:\уник\2 сем\КПО\lab01\lab01(kpo1)\lab01(kpo1)\lab01(kpo1).cpp(126,1): warning C4326: возвращаемый тип "main" должен быть "int", а не "void"

    Предупреждений: 2
    Ошибок: 0

Прошло времени 00:00:00.76
