Сборка начата 29.04.2024 23:47:14.
Уровень детализации журнала: Normal.     1>Проект "D:\уник\2 сем\КПО\lab09\SE_Lab09\SE_Lab09\SE_Lab09.vcxproj" в узле 2 (целевые объекты Build).
     1>InitializeBuildStatus:
         Создание "x64\Debug\SE_Lab09.tlog\unsuccessfulbuild", так как было задано "AlwaysCreate".
         Обращение к "x64\Debug\SE_Lab09.tlog\unsuccessfulbuild".
       ClCompile:
         C:\Program Files\Microsoft Visual Studio\2022\Preview\VC\Tools\MSVC\14.38.32919\bin\HostX64\x64\CL.exe /c /ZI /JMC /nologo /W3 /WX- /diagnostics:column /sdl /Od /D _DEBUG /D _CONSOLE /D _UNICODE /D UNICODE /Gm- /EHsc /RTC1 /MDd /GS /fp:precise /Zc:wchar_t /Zc:forScope /Zc:inline /permissive- /Fo"x64\Debug\\" /Fd"x64\Debug\vc143.pdb" /external:W3 /Gd /TP /FC /errorReport:prompt SE_Lab09.cpp Varparm.cpp
         SE_Lab09.cpp
     1>D:\уник\2 сем\КПО\lab09\SE_Lab09\SE_Lab09\SE_Lab09.cpp(8,1): warning C4326: возвращаемый тип "main" должен быть "int", а не "void"
     1>D:\уник\2 сем\КПО\lab09\SE_Lab09\SE_Lab09\SE_Lab09.cpp(39,18): warning C4244: инициализация: преобразование "double" в "float", возможна потеря данных
     1>D:\уник\2 сем\КПО\lab09\SE_Lab09\SE_Lab09\SE_Lab09.cpp(42,18): warning C4244: инициализация: преобразование "double" в "float", возможна потеря данных
     1>D:\уник\2 сем\КПО\lab09\SE_Lab09\SE_Lab09\SE_Lab09.cpp(45,18): warning C4244: инициализация: преобразование "double" в "float", возможна потеря данных
     1>D:\уник\2 сем\КПО\lab09\SE_Lab09\SE_Lab09\SE_Lab09.cpp(48,18): warning C4244: инициализация: преобразование "double" в "float", возможна потеря данных
         Varparm.cpp
     1>D:\уник\2 сем\КПО\lab09\SE_Lab09\SE_Lab09\Varparm.cpp(48,19): warning C4244: =: преобразование "double" в "float", возможна потеря данных
         Создание кода...
       Link:
         C:\Program Files\Microsoft Visual Studio\2022\Preview\VC\Tools\MSVC\14.38.32919\bin\HostX64\x64\link.exe /ERRORREPORT:PROMPT /OUT:"D:\уник\2 сем\КПО\lab09\SE_Lab09\x64\Debug\SE_Lab09.exe" /INCREMENTAL /ILK:"x64\Debug\SE_Lab09.ilk" /NOLOGO kernel32.lib user32.lib gdi32.lib winspool.lib comdlg32.lib advapi32.lib shell32.lib ole32.lib oleaut32.lib uuid.lib odbc32.lib odbccp32.lib /MANIFEST /MANIFESTUAC:"level='asInvoker' uiAccess='false'" /manifest:embed /DEBUG /PDB:"D:\уник\2 сем\КПО\lab09\SE_Lab09\x64\Debug\SE_Lab09.pdb" /SUBSYSTEM:CONSOLE /TLBID:1 /DYNAMICBASE /NXCOMPAT /IMPLIB:"D:\уник\2 сем\КПО\lab09\SE_Lab09\x64\Debug\SE_Lab09.lib" /MACHINE:X64 x64\Debug\SE_Lab09.obj
         x64\Debug\Varparm.obj
         SE_Lab09.vcxproj -> D:\уник\2 сем\КПО\lab09\SE_Lab09\x64\Debug\SE_Lab09.exe
       FinalizeBuildStatus:
         Файл "x64\Debug\SE_Lab09.tlog\unsuccessfulbuild" удаляется.
         Обращение к "x64\Debug\SE_Lab09.tlog\SE_Lab09.lastbuildstate".
     1>Сборка проекта "D:\уник\2 сем\КПО\lab09\SE_Lab09\SE_Lab09\SE_Lab09.vcxproj" завершена (целевые объекты Build).

Сборка успешно завершена.

       "D:\уник\2 сем\КПО\lab09\SE_Lab09\SE_Lab09\SE_Lab09.vcxproj" (целевой объект Build ) (1) ->
       (Целевой объект ClCompile) -> 
         D:\уник\2 сем\КПО\lab09\SE_Lab09\SE_Lab09\SE_Lab09.cpp(8,1): warning C4326: возвращаемый тип "main" должен быть "int", а не "void"
         D:\уник\2 сем\КПО\lab09\SE_Lab09\SE_Lab09\SE_Lab09.cpp(39,18): warning C4244: инициализация: преобразование "double" в "float", возможна потеря данных
         D:\уник\2 сем\КПО\lab09\SE_Lab09\SE_Lab09\SE_Lab09.cpp(42,18): warning C4244: инициализация: преобразование "double" в "float", возможна потеря данных
         D:\уник\2 сем\КПО\lab09\SE_Lab09\SE_Lab09\SE_Lab09.cpp(45,18): warning C4244: инициализация: преобразование "double" в "float", возможна потеря данных
         D:\уник\2 сем\КПО\lab09\SE_Lab09\SE_Lab09\SE_Lab09.cpp(48,18): warning C4244: инициализация: преобразование "double" в "float", возможна потеря данных
         D:\уник\2 сем\КПО\lab09\SE_Lab09\SE_Lab09\Varparm.cpp(48,19): warning C4244: =: преобразование "double" в "float", возможна потеря данных

    Предупреждений: 6
    Ошибок: 0

Прошло времени 00:00:00.98
