Сборка начата 23.04.2024 15:03:45.
Уровень детализации журнала: Normal.     1>Проект "D:\уник\2 сем\КПО\lab06 гс\SE_Lab06L\SE_Lab06\SE_Lab06.vcxproj" в узле 2 (целевые объекты Build).
     1>InitializeBuildStatus:
         Обращение к "x64\Debug\SE_Lab06.tlog\unsuccessfulbuild".
       ClCompile:
         C:\Program Files\Microsoft Visual Studio\2022\Preview\VC\Tools\MSVC\14.38.32919\bin\HostX64\x64\CL.exe /c /ZI /JMC /nologo /W3 /WX- /diagnostics:column /sdl /Od /D _DEBUG /D _CONSOLE /D _UNICODE /D UNICODE /Gm- /EHsc /RTC1 /MDd /GS /fp:precise /Zc:wchar_t /Zc:forScope /Zc:inline /permissive- /Fo"x64\Debug\\" /Fd"x64\Debug\vc143.pdb" /external:W3 /Gd /TP /FC /errorReport:prompt SE_Lab06.cpp
         SE_Lab06.cpp
       Link:
         C:\Program Files\Microsoft Visual Studio\2022\Preview\VC\Tools\MSVC\14.38.32919\bin\HostX64\x64\link.exe /ERRORREPORT:PROMPT /OUT:"D:\уник\2 сем\КПО\lab06 гс\SE_Lab06L\x64\Debug\SE_Lab06.exe" /INCREMENTAL /ILK:"x64\Debug\SE_Lab06.ilk" /NOLOGO kernel32.lib user32.lib gdi32.lib winspool.lib comdlg32.lib advapi32.lib shell32.lib ole32.lib oleaut32.lib uuid.lib odbc32.lib odbccp32.lib /MANIFEST /MANIFESTUAC:"level='asInvoker' uiAccess='false'" /manifest:embed /DEBUG /PDB:"D:\уник\2 сем\КПО\lab06 гс\SE_Lab06L\x64\Debug\SE_Lab06.pdb" /SUBSYSTEM:CONSOLE /TLBID:1 /DYNAMICBASE /NXCOMPAT /IMPLIB:"D:\уник\2 сем\КПО\lab06 гс\SE_Lab06L\x64\Debug\SE_Lab06.lib" /MACHINE:X64 x64\Debug\SE_Lab06.obj
         SE_Lab06.vcxproj -> D:\уник\2 сем\КПО\lab06 гс\SE_Lab06L\x64\Debug\SE_Lab06.exe
       TlogCleanup:
         Следующие элементы будут удалены из tlogs, так как они были удалены из проекта или сборки: D:\уник\2 сем\КПО\lab06\SE_Lab06L\SE_Lab06\SE_Lab06.cpp.
       FinalizeBuildStatus:
         Файл "x64\Debug\SE_Lab06.tlog\unsuccessfulbuild" удаляется.
         Обращение к "x64\Debug\SE_Lab06.tlog\SE_Lab06.lastbuildstate".
     1>Сборка проекта "D:\уник\2 сем\КПО\lab06 гс\SE_Lab06L\SE_Lab06\SE_Lab06.vcxproj" завершена (целевые объекты Build).

Сборка успешно завершена.
    Предупреждений: 0
    Ошибок: 0

Прошло времени 00:00:00.98
