Сборка начата 20.04.2024 11:34:19.
Уровень детализации журнала: Normal.     1>Проект "D:\уник\2 сем\КПО\lab07\Call\Call\Call.vcxproj" в узле 2 (целевые объекты Build).
     1>InitializeBuildStatus:
         Создание "x64\Debug\Call.tlog\unsuccessfulbuild", так как было задано "AlwaysCreate".
         Обращение к "x64\Debug\Call.tlog\unsuccessfulbuild".
       ClCompile:
         C:\Program Files\Microsoft Visual Studio\2022\Preview\VC\Tools\MSVC\14.38.32919\bin\HostX64\x64\CL.exe /c /ZI /JMC /nologo /W3 /WX- /diagnostics:column /sdl /Od /D _DEBUG /D _CONSOLE /D _UNICODE /D UNICODE /Gm- /EHsc /RTC1 /MDd /GS /fp:precise /Zc:wchar_t /Zc:forScope /Zc:inline /permissive- /Fo"x64\Debug\\" /Fd"x64\Debug\vc143.pdb" /external:W3 /Gd /TP /FC /errorReport:prompt Call.cpp
         Call.cpp
     1>D:\уник\2 сем\КПО\lab07\Call\Call\Call.cpp(6,1): warning C4326: возвращаемый тип "main" должен быть "int", а не "void"
       Link:
         C:\Program Files\Microsoft Visual Studio\2022\Preview\VC\Tools\MSVC\14.38.32919\bin\HostX64\x64\link.exe /ERRORREPORT:PROMPT /OUT:"D:\уник\2 сем\КПО\lab07\Call\x64\Debug\Call.exe" /INCREMENTAL /ILK:"x64\Debug\Call.ilk" /NOLOGO kernel32.lib user32.lib gdi32.lib winspool.lib comdlg32.lib advapi32.lib shell32.lib ole32.lib oleaut32.lib uuid.lib odbc32.lib odbccp32.lib /MANIFEST /MANIFESTUAC:"level='asInvoker' uiAccess='false'" /manifest:embed /DEBUG /PDB:"D:\уник\2 сем\КПО\lab07\Call\x64\Debug\Call.pdb" /SUBSYSTEM:CONSOLE /TLBID:1 /DYNAMICBASE /NXCOMPAT /IMPLIB:"D:\уник\2 сем\КПО\lab07\Call\x64\Debug\Call.lib" /MACHINE:X64 x64\Debug\Call.obj
         Call.vcxproj -> D:\уник\2 сем\КПО\lab07\Call\x64\Debug\Call.exe
       FinalizeBuildStatus:
         Файл "x64\Debug\Call.tlog\unsuccessfulbuild" удаляется.
         Обращение к "x64\Debug\Call.tlog\Call.lastbuildstate".
     1>Сборка проекта "D:\уник\2 сем\КПО\lab07\Call\Call\Call.vcxproj" завершена (целевые объекты Build).

Сборка успешно завершена.

       "D:\уник\2 сем\КПО\lab07\Call\Call\Call.vcxproj" (целевой объект Build ) (1) ->
       (Целевой объект ClCompile) -> 
         D:\уник\2 сем\КПО\lab07\Call\Call\Call.cpp(6,1): warning C4326: возвращаемый тип "main" должен быть "int", а не "void"

    Предупреждений: 1
    Ошибок: 0

Прошло времени 00:00:01.23
