Сборка начата 12.03.2024 15:23:38.
Уровень детализации журнала: Normal.     1>Проект "D:\уник\2 сем\КПО\lab02 гс\SE_Lab02\SE_Lab02\SE_Lab02.vcxproj" в узле 2 (целевые объекты Build).
     1>InitializeBuildStatus:
         Создание "x64\Debug\SE_Lab02.tlog\unsuccessfulbuild", так как было задано "AlwaysCreate".
         Обращение к "x64\Debug\SE_Lab02.tlog\unsuccessfulbuild".
       ClCompile:
         C:\Program Files\Microsoft Visual Studio\2022\Preview\VC\Tools\MSVC\14.38.32919\bin\HostX64\x64\CL.exe /c /ZI /JMC /nologo /W3 /WX- /diagnostics:column /sdl /Od /D _DEBUG /D _CONSOLE /D _UNICODE /D UNICODE /Gm- /EHsc /RTC1 /MDd /GS /fp:precise /Zc:wchar_t /Zc:forScope /Zc:inline /permissive- /Fo"x64\Debug\\" /Fd"x64\Debug\vc143.pdb" /external:W3 /Gd /TP /FC /errorReport:prompt SE_Lab02.cpp
         SE_Lab02.cpp
     1>D:\уник\2 сем\КПО\lab02 гс\SE_Lab02\SE_Lab02\SE_Lab02.cpp(48,19): warning C4309: инициализация: усечение константного значения
     1>D:\уник\2 сем\КПО\lab02 гс\SE_Lab02\SE_Lab02\SE_Lab02.cpp(117,17): warning C4244: инициализация: преобразование "double" в "float", возможна потеря данных
     1>D:\уник\2 сем\КПО\lab02 гс\SE_Lab02\SE_Lab02\SE_Lab02.cpp(118,25): warning C4244: инициализация: преобразование "double" в "float", возможна потеря данных
     1>D:\уник\2 сем\КПО\lab02 гс\SE_Lab02\SE_Lab02\SE_Lab02.cpp(119,12): warning C4244: инициализация: преобразование "double" в "float", возможна потеря данных
     1>D:\уник\2 сем\КПО\lab02 гс\SE_Lab02\SE_Lab02\SE_Lab02.cpp(118): warning C4723: возможное деление на 0
     1>D:\уник\2 сем\КПО\lab02 гс\SE_Lab02\SE_Lab02\SE_Lab02.cpp(117): warning C4723: возможное деление на 0
       Link:
         C:\Program Files\Microsoft Visual Studio\2022\Preview\VC\Tools\MSVC\14.38.32919\bin\HostX64\x64\link.exe /ERRORREPORT:PROMPT /OUT:"D:\уник\2 сем\КПО\lab02 гс\SE_Lab02\x64\Debug\SE_Lab02.exe" /INCREMENTAL /ILK:"x64\Debug\SE_Lab02.ilk" /NOLOGO kernel32.lib user32.lib gdi32.lib winspool.lib comdlg32.lib advapi32.lib shell32.lib ole32.lib oleaut32.lib uuid.lib odbc32.lib odbccp32.lib /MANIFEST /MANIFESTUAC:"level='asInvoker' uiAccess='false'" /manifest:embed /DEBUG /PDB:"D:\уник\2 сем\КПО\lab02 гс\SE_Lab02\x64\Debug\SE_Lab02.pdb" /SUBSYSTEM:CONSOLE /TLBID:1 /DYNAMICBASE /NXCOMPAT /IMPLIB:"D:\уник\2 сем\КПО\lab02 гс\SE_Lab02\x64\Debug\SE_Lab02.lib" /MACHINE:X64 x64\Debug\SE_Lab02.obj
         SE_Lab02.vcxproj -> D:\уник\2 сем\КПО\lab02 гс\SE_Lab02\x64\Debug\SE_Lab02.exe
       TlogCleanup:
         Следующие элементы будут удалены из tlogs, так как они были удалены из проекта или сборки: D:\уник\2 сем\КПО\lab02 г\SE_Lab02\SE_Lab02\SE_Lab02.cpp.
       FinalizeBuildStatus:
         Файл "x64\Debug\SE_Lab02.tlog\unsuccessfulbuild" удаляется.
         Обращение к "x64\Debug\SE_Lab02.tlog\SE_Lab02.lastbuildstate".
     1>Сборка проекта "D:\уник\2 сем\КПО\lab02 гс\SE_Lab02\SE_Lab02\SE_Lab02.vcxproj" завершена (целевые объекты Build).

Сборка успешно завершена.

       "D:\уник\2 сем\КПО\lab02 гс\SE_Lab02\SE_Lab02\SE_Lab02.vcxproj" (целевой объект Build ) (1) ->
       (Целевой объект ClCompile) -> 
         D:\уник\2 сем\КПО\lab02 гс\SE_Lab02\SE_Lab02\SE_Lab02.cpp(48,19): warning C4309: инициализация: усечение константного значения
         D:\уник\2 сем\КПО\lab02 гс\SE_Lab02\SE_Lab02\SE_Lab02.cpp(117,17): warning C4244: инициализация: преобразование "double" в "float", возможна потеря данных
         D:\уник\2 сем\КПО\lab02 гс\SE_Lab02\SE_Lab02\SE_Lab02.cpp(118,25): warning C4244: инициализация: преобразование "double" в "float", возможна потеря данных
         D:\уник\2 сем\КПО\lab02 гс\SE_Lab02\SE_Lab02\SE_Lab02.cpp(119,12): warning C4244: инициализация: преобразование "double" в "float", возможна потеря данных
         D:\уник\2 сем\КПО\lab02 гс\SE_Lab02\SE_Lab02\SE_Lab02.cpp(118): warning C4723: возможное деление на 0
         D:\уник\2 сем\КПО\lab02 гс\SE_Lab02\SE_Lab02\SE_Lab02.cpp(117): warning C4723: возможное деление на 0

    Предупреждений: 6
    Ошибок: 0

Прошло времени 00:00:01.06
